<?xml version="1.0" encoding="UTF-8"?>
<testsuite xmlns:xsi="http://www.w3.org/2001/XMLSchema-instance" xsi:noNamespaceSchemaLocation="https://maven.apache.org/surefire/maven-surefire-plugin/xsd/surefire-test-report-3.0.xsd" version="3.0" name="org.acme.kafka.PriceResourceTest" time="16.901" tests="1" errors="1" skipped="0" failures="0">
  <properties>
[...]
</properties>
  <testcase name="testPricesEventStream" classname="org.acme.kafka.PriceResourceTest" time="0.042">
    <error type="java.lang.RuntimeException"><![CDATA[java.lang.RuntimeException: java.lang.RuntimeException: Failed to start quarkus
Caused by: java.lang.RuntimeException: Failed to start quarkus
Caused by: javax.enterprise.inject.spi.DeploymentException: org.apache.kafka.common.KafkaException: Failed to construct kafka consumer
Caused by: org.apache.kafka.common.KafkaException: Failed to construct kafka consumer
Caused by: org.apache.kafka.common.config.ConfigException: No resolvable bootstrap urls given in bootstrap.servers
]]></error>
    <system-out><![CDATA[2021-11-24 16:25:07,419 WARN  [io.sma.rea.mes.kafka] (main) SRMSG18216: No `group.id` set in the configuration, generate a random id: a3cc6548-449b-4ebf-a8e6-90c98e1ff548
2021-11-24 16:25:07,434 INFO  [io.sma.rea.mes.kafka] (main) SRMSG18229: Configured topics for channel 'prices': [prices]
2021-11-24 16:25:07,453 INFO  [io.sma.rea.mes.kafka] (main) SRMSG18214: Key deserializer omitted, using String as default
2021-11-24 16:25:07,454 INFO  [io.sma.rea.mes.kafka] (main) SRMSG18234: Auto-commit disabled for channel prices
2021-11-24 16:25:07,486 INFO  [org.apa.kaf.cli.con.ConsumerConfig] (main) ConsumerConfig values: 
	allow.auto.create.topics = true
	auto.commit.interval.ms = 5000
	auto.offset.reset = latest
	bootstrap.servers = [stream-cluster-kafka-bootstrap.event-stream-project.svc:9092]
	check.crcs = true
	client.dns.lookup = use_all_dns_ips
	client.id = kafka-consumer-prices
	client.rack = 
	connections.max.idle.ms = 540000
	default.api.timeout.ms = 60000
	enable.auto.commit = false
	exclude.internal.topics = true
	fetch.max.bytes = 52428800
	fetch.max.wait.ms = 500
	fetch.min.bytes = 1
	group.id = a3cc6548-449b-4ebf-a8e6-90c98e1ff548
	group.instance.id = null
	heartbeat.interval.ms = 3000
	interceptor.classes = []
	internal.leave.group.on.close = true
	internal.throw.on.fetch.stable.offset.unsupported = false
	isolation.level = read_uncommitted
	key.deserializer = class io.smallrye.reactive.messaging.kafka.fault.DeserializerWrapper
	max.partition.fetch.bytes = 1048576
	max.poll.interval.ms = 300000
	max.poll.records = 500
	metadata.max.age.ms = 300000
	metric.reporters = []
	metrics.num.samples = 2
	metrics.recording.level = INFO
	metrics.sample.window.ms = 30000
	partition.assignment.strategy = [class org.apache.kafka.clients.consumer.RangeAssignor]
	receive.buffer.bytes = 65536
	reconnect.backoff.max.ms = 10000
	reconnect.backoff.ms = 50
	request.timeout.ms = 30000
	retry.backoff.ms = 100
	sasl.client.callback.handler.class = null
	sasl.jaas.config = null
	sasl.kerberos.kinit.cmd = /usr/bin/kinit
	sasl.kerberos.min.time.before.relogin = 60000
	sasl.kerberos.service.name = null
	sasl.kerberos.ticket.renew.jitter = 0.05
	sasl.kerberos.ticket.renew.window.factor = 0.8
	sasl.login.callback.handler.class = null
	sasl.login.class = null
	sasl.login.refresh.buffer.seconds = 300
	sasl.login.refresh.min.period.seconds = 60
	sasl.login.refresh.window.factor = 0.8
	sasl.login.refresh.window.jitter = 0.05
	sasl.mechanism = GSSAPI
	security.protocol = PLAINTEXT
	security.providers = null
	send.buffer.bytes = 131072
	session.timeout.ms = 10000
	socket.connection.setup.timeout.max.ms = 30000
	socket.connection.setup.timeout.ms = 10000
	ssl.cipher.suites = null
	ssl.enabled.protocols = [TLSv1.2, TLSv1.3]
	ssl.endpoint.identification.algorithm = https
	ssl.engine.factory.class = null
	ssl.key.password = null
	ssl.keymanager.algorithm = SunX509
	ssl.keystore.certificate.chain = null
	ssl.keystore.key = null
	ssl.keystore.location = null
	ssl.keystore.password = null
	ssl.keystore.type = JKS
	ssl.protocol = TLSv1.3
	ssl.provider = null
	ssl.secure.random.implementation = null
	ssl.trustmanager.algorithm = PKIX
	ssl.truststore.certificates = null
	ssl.truststore.location = null
	ssl.truststore.password = null
	ssl.truststore.type = JKS
	value.deserializer = class io.smallrye.reactive.messaging.kafka.fault.DeserializerWrapper

2021-11-24 16:25:07,688 WARN  [org.apa.kaf.cli.ClientUtils] (main) Couldn't resolve server stream-cluster-kafka-bootstrap.event-stream-project.svc:9092 from bootstrap.servers as DNS resolution failed for stream-cluster-kafka-bootstrap.event-stream-project.svc
2021-11-24 16:25:07,689 INFO  [org.apa.kaf.com.met.Metrics] (main) Metrics scheduler closed
2021-11-24 16:25:07,689 INFO  [org.apa.kaf.com.met.Metrics] (main) Closing reporter org.apache.kafka.common.metrics.JmxReporter
2021-11-24 16:25:07,690 INFO  [org.apa.kaf.com.met.Metrics] (main) Metrics reporters closed
2021-11-24 16:25:07,691 INFO  [org.apa.kaf.com.uti.AppInfoParser] (main) App info kafka.consumer for kafka-consumer-prices unregistered
2021-11-24 16:25:07,691 ERROR [io.sma.rea.mes.provider] (main) SRMSG00230: Unable to create the publisher or subscriber during initialization: org.apache.kafka.common.KafkaException: Failed to construct kafka consumer
	at org.apache.kafka.clients.consumer.KafkaConsumer.<init>(KafkaConsumer.java:823)
	at org.apache.kafka.clients.consumer.KafkaConsumer.<init>(KafkaConsumer.java:665)
	at io.smallrye.reactive.messaging.kafka.impl.ReactiveKafkaConsumer.<init>(ReactiveKafkaConsumer.java:80)
	at io.smallrye.reactive.messaging.kafka.impl.KafkaSource.<init>(KafkaSource.java:85)
	at io.smallrye.reactive.messaging.kafka.KafkaConnector.getPublisherBuilder(KafkaConnector.java:182)
	at io.smallrye.reactive.messaging.kafka.KafkaConnector_ClientProxy.getPublisherBuilder(KafkaConnector_ClientProxy.zig:207)
	at io.smallrye.reactive.messaging.impl.ConfiguredChannelFactory.createPublisherBuilder(ConfiguredChannelFactory.java:190)
	at io.smallrye.reactive.messaging.impl.ConfiguredChannelFactory.register(ConfiguredChannelFactory.java:153)
	at io.smallrye.reactive.messaging.impl.ConfiguredChannelFactory.initialize(ConfiguredChannelFactory.java:125)
	at io.smallrye.reactive.messaging.impl.ConfiguredChannelFactory_ClientProxy.initialize(ConfiguredChannelFactory_ClientProxy.zig:237)
	at java.base/java.util.Iterator.forEachRemaining(Iterator.java:133)
	at java.base/java.util.Spliterators$IteratorSpliterator.forEachRemaining(Spliterators.java:1801)
	at java.base/java.util.stream.ReferencePipeline$Head.forEach(ReferencePipeline.java:658)
	at io.smallrye.reactive.messaging.extension.MediatorManager.start(MediatorManager.java:189)
	at io.smallrye.reactive.messaging.extension.MediatorManager_ClientProxy.start(MediatorManager_ClientProxy.zig:268)
	at io.quarkus.smallrye.reactivemessaging.runtime.SmallRyeReactiveMessagingLifecycle.onApplicationStart(SmallRyeReactiveMessagingLifecycle.java:41)
	at io.quarkus.smallrye.reactivemessaging.runtime.SmallRyeReactiveMessagingLifecycle_Observer_onApplicationStart_4e8937813d9e8faff65c3c07f88fa96615b70e70.notify(SmallRyeReactiveMessagingLifecycle_Observer_onApplicationStart_4e8937813d9e8faff65c3c07f88fa96615b70e70.zig:129)
	at io.quarkus.arc.impl.EventImpl$Notifier.notifyObservers(EventImpl.java:300)
	at io.quarkus.arc.impl.EventImpl$Notifier.notify(EventImpl.java:282)
	at io.quarkus.arc.impl.EventImpl.fire(EventImpl.java:70)
	at io.quarkus.arc.runtime.ArcRecorder.fireLifecycleEvent(ArcRecorder.java:128)
	at io.quarkus.arc.runtime.ArcRecorder.handleLifecycleEvents(ArcRecorder.java:97)
	at io.quarkus.deployment.steps.LifecycleEventsBuildStep$startupEvent1144526294.deploy_0(LifecycleEventsBuildStep$startupEvent1144526294.zig:87)
	at io.quarkus.deployment.steps.LifecycleEventsBuildStep$startupEvent1144526294.deploy(LifecycleEventsBuildStep$startupEvent1144526294.zig:40)
	at io.quarkus.runner.ApplicationImpl.doStart(ApplicationImpl.zig:656)
	at io.quarkus.runtime.Application.start(Application.java:101)
	at java.base/jdk.internal.reflect.NativeMethodAccessorImpl.invoke0(Native Method)
	at java.base/jdk.internal.reflect.NativeMethodAccessorImpl.invoke(NativeMethodAccessorImpl.java:62)
	at java.base/jdk.internal.reflect.DelegatingMethodAccessorImpl.invoke(DelegatingMethodAccessorImpl.java:43)
	at java.base/java.lang.reflect.Method.invoke(Method.java:566)
	at io.quarkus.runner.bootstrap.StartupActionImpl.run(StartupActionImpl.java:181)
	at io.quarkus.test.junit.QuarkusTestExtension.doJavaStart(QuarkusTestExtension.java:354)
	at io.quarkus.test.junit.QuarkusTestExtension.ensureStarted(QuarkusTestExtension.java:667)
	at io.quarkus.test.junit.QuarkusTestExtension.beforeAll(QuarkusTestExtension.java:714)
	at org.junit.jupiter.engine.descriptor.ClassBasedTestDescriptor.lambda$invokeBeforeAllCallbacks$8(ClassBasedTestDescriptor.java:368)
	at org.junit.platform.engine.support.hierarchical.ThrowableCollector.execute(ThrowableCollector.java:73)
	at org.junit.jupiter.engine.descriptor.ClassBasedTestDescriptor.invokeBeforeAllCallbacks(ClassBasedTestDescriptor.java:368)
	at org.junit.jupiter.engine.descriptor.ClassBasedTestDescriptor.before(ClassBasedTestDescriptor.java:192)
	at org.junit.jupiter.engine.descriptor.ClassBasedTestDescriptor.before(ClassBasedTestDescriptor.java:78)
	at org.junit.platform.engine.support.hierarchical.NodeTestTask.lambda$executeRecursively$5(NodeTestTask.java:136)
	at org.junit.platform.engine.support.hierarchical.ThrowableCollector.execute(ThrowableCollector.java:73)
	at org.junit.platform.engine.support.hierarchical.NodeTestTask.lambda$executeRecursively$7(NodeTestTask.java:129)
	at org.junit.platform.engine.support.hierarchical.Node.around(Node.java:137)
	at org.junit.platform.engine.support.hierarchical.NodeTestTask.lambda$executeRecursively$8(NodeTestTask.java:127)
	at org.junit.platform.engine.support.hierarchical.ThrowableCollector.execute(ThrowableCollector.java:73)
	at org.junit.platform.engine.support.hierarchical.NodeTestTask.executeRecursively(NodeTestTask.java:126)
	at org.junit.platform.engine.support.hierarchical.NodeTestTask.execute(NodeTestTask.java:84)
	at java.base/java.util.ArrayList.forEach(ArrayList.java:1541)
	at org.junit.platform.engine.support.hierarchical.SameThreadHierarchicalTestExecutorService.invokeAll(SameThreadHierarchicalTestExecutorService.java:38)
	at org.junit.platform.engine.support.hierarchical.NodeTestTask.lambda$executeRecursively$5(NodeTestTask.java:143)
	at org.junit.platform.engine.support.hierarchical.ThrowableCollector.execute(ThrowableCollector.java:73)
	at org.junit.platform.engine.support.hierarchical.NodeTestTask.lambda$executeRecursively$7(NodeTestTask.java:129)
	at org.junit.platform.engine.support.hierarchical.Node.around(Node.java:137)
	at org.junit.platform.engine.support.hierarchical.NodeTestTask.lambda$executeRecursively$8(NodeTestTask.java:127)
	at org.junit.platform.engine.support.hierarchical.ThrowableCollector.execute(ThrowableCollector.java:73)
	at org.junit.platform.engine.support.hierarchical.NodeTestTask.executeRecursively(NodeTestTask.java:126)
	at org.junit.platform.engine.support.hierarchical.NodeTestTask.execute(NodeTestTask.java:84)
	at org.junit.platform.engine.support.hierarchical.SameThreadHierarchicalTestExecutorService.submit(SameThreadHierarchicalTestExecutorService.java:32)
	at org.junit.platform.engine.support.hierarchical.HierarchicalTestExecutor.execute(HierarchicalTestExecutor.java:57)
	at org.junit.platform.engine.support.hierarchical.HierarchicalTestEngine.execute(HierarchicalTestEngine.java:51)
	at org.junit.platform.launcher.core.EngineExecutionOrchestrator.execute(EngineExecutionOrchestrator.java:108)
	at org.junit.platform.launcher.core.EngineExecutionOrchestrator.execute(EngineExecutionOrchestrator.java:88)
	at org.junit.platform.launcher.core.EngineExecutionOrchestrator.lambda$execute$0(EngineExecutionOrchestrator.java:54)
	at org.junit.platform.launcher.core.EngineExecutionOrchestrator.withInterceptedStreams(EngineExecutionOrchestrator.java:67)
	at org.junit.platform.launcher.core.EngineExecutionOrchestrator.execute(EngineExecutionOrchestrator.java:52)
	at org.junit.platform.launcher.core.DefaultLauncher.execute(DefaultLauncher.java:96)
	at org.junit.platform.launcher.core.DefaultLauncher.execute(DefaultLauncher.java:75)
	at org.apache.maven.surefire.junitplatform.JUnitPlatformProvider.execute(JUnitPlatformProvider.java:188)
	at org.apache.maven.surefire.junitplatform.JUnitPlatformProvider.invokeAllTests(JUnitPlatformProvider.java:154)
	at org.apache.maven.surefire.junitplatform.JUnitPlatformProvider.invoke(JUnitPlatformProvider.java:128)
	at org.apache.maven.surefire.booter.ForkedBooter.runSuitesInProcess(ForkedBooter.java:428)
	at org.apache.maven.surefire.booter.ForkedBooter.execute(ForkedBooter.java:162)
	at org.apache.maven.surefire.booter.ForkedBooter.run(ForkedBooter.java:562)
	at org.apache.maven.surefire.booter.ForkedBooter.main(ForkedBooter.java:548)
Caused by: org.apache.kafka.common.config.ConfigException: No resolvable bootstrap urls given in bootstrap.servers
	at org.apache.kafka.clients.ClientUtils.parseAndValidateAddresses(ClientUtils.java:89)
	at org.apache.kafka.clients.ClientUtils.parseAndValidateAddresses(ClientUtils.java:48)
	at org.apache.kafka.clients.consumer.KafkaConsumer.<init>(KafkaConsumer.java:731)
	... 73 more

]]></system-out>
  </testcase>
</testsuite>